<?xml version="1.0" encoding="UTF-8"?>
<coverage generated="1691781700037" clover="3.2.0">
  <project timestamp="1691781700038" name="All files">
    <metrics statements="14" coveredstatements="12" conditionals="2" coveredconditionals="1" methods="1" coveredmethods="1" elements="17" coveredelements="14" complexity="0" loc="14" ncloc="14" packages="1" files="1" classes="1"/>
    <file name="hello_world.ts" path="C:\Users\jonathas\Documents\webacademy\WACAD017_LAB3\lab03_01\src\hello_world.ts">
      <metrics statements="14" coveredstatements="12" conditionals="2" coveredconditionals="1" methods="1" coveredmethods="1"/>
      <line num="1" count="1" type="stmt"/>
      <line num="2" count="1" type="stmt"/>
      <line num="3" count="1" type="stmt"/>
      <line num="4" count="1" type="stmt"/>
      <line num="5" count="1" type="stmt"/>
      <line num="6" count="1" type="stmt"/>
      <line num="7" count="1" type="stmt"/>
      <line num="8" count="1" type="stmt"/>
      <line num="9" count="1" type="cond" truecount="1" falsecount="0"/>
      <line num="10" count="1" type="cond" truecount="0" falsecount="1"/>
      <line num="11" count="0" type="stmt"/>
      <line num="12" count="0" type="stmt"/>
      <line num="13" count="1" type="stmt"/>
      <line num="14" count="1" type="stmt"/>
    </file>
  </project>
</coverage>
